<?xml version="1.0" encoding="UTF-8"?>
<!-- Generated by org.testng.reporters.JUnitXMLReporter -->
<testsuite ignored="0" hostname="HODT-123" failures="0" tests="10" name="Default test" time="528.88" errors="0" timestamp="2024-12-06T00:09:21 IST">
  <testcase classname="drona.smoketestcases.mainClass" name="doctorOnboardingWorkflowTest" time="78.322"/>
  <testcase classname="drona.smoketestcases.mainClass" name="loginWorkflowTest" time="6.861"/>
  <testcase classname="drona.smoketestcases.mainClass" name="appointmentWorkflowTest" time="47.97"/>
  <testcase classname="drona.smoketestcases.mainClass" name="billMarkAsPaidWorkflowTest" time="26.196"/>
  <testcase classname="drona.smoketestcases.mainClass" name="createBillWorkflowTest" time="12.472"/>
  <testcase classname="drona.smoketestcases.mainClass" name="consultationUsingTemplateWorkflowTest" time="48.506"/>
  <testcase classname="drona.smoketestcases.mainClass" name="walkInConsultationWorkflowTest" time="206.198"/>
  <testcase classname="drona.smoketestcases.mainClass" name="fileUploadWorkflowTest" time="46.647"/>
  <testcase classname="drona.smoketestcases.mainClass" name="editPatientWorkflowTest" time="25.34"/>
  <testcase classname="drona.smoketestcases.mainClass" name="addNewPatientWorkflowTest" time="15.896"/>
</testsuite> <!-- Default test -->
